2023-10-10 09:39:02 | INFO | ÚLTIMA VERSÃO DO WEBDRIVER COLETADA COM SUCESSO.
2023-10-10 09:39:05 | INFO | BAIXANDO ÚLTIMA VERSÃO DO WEBDRIVER.
2023-10-10 09:40:06 | INFO | ÚLTIMA VERSÃO DO WEBDRIVER COLETADA COM SUCESSO.
2023-10-10 09:40:09 | INFO | BAIXANDO ÚLTIMA VERSÃO DO WEBDRIVER.
2023-10-10 10:10:36 | INFO | ÚLTIMA VERSÃO DO WEBDRIVER COLETADA COM SUCESSO.
2023-10-10 10:10:39 | INFO | BAIXANDO ÚLTIMA VERSÃO DO WEBDRIVER.
2023-10-10 10:12:26 | INFO | ÚLTIMA VERSÃO DO WEBDRIVER COLETADA COM SUCESSO.
2023-10-10 10:12:29 | INFO | BAIXANDO ÚLTIMA VERSÃO DO WEBDRIVER.
2023-10-10 10:15:44 | INFO | ÚLTIMA VERSÃO DO WEBDRIVER COLETADA COM SUCESSO.
2023-10-10 10:15:48 | INFO | BAIXANDO ÚLTIMA VERSÃO DO WEBDRIVER.
2023-10-10 10:18:57 | INFO | ÚLTIMA VERSÃO DO WEBDRIVER COLETADA COM SUCESSO.
2023-10-10 10:19:00 | INFO | BAIXANDO ÚLTIMA VERSÃO DO WEBDRIVER.
2023-10-10 10:20:58 | INFO | ÚLTIMA VERSÃO DO WEBDRIVER COLETADA COM SUCESSO.
2023-10-10 10:21:01 | INFO | BAIXANDO ÚLTIMA VERSÃO DO WEBDRIVER.
2023-10-10 10:21:41 | INFO | ÚLTIMA VERSÃO DO WEBDRIVER COLETADA COM SUCESSO.
2023-10-10 10:21:44 | INFO | BAIXANDO ÚLTIMA VERSÃO DO WEBDRIVER.
2023-10-10 10:29:41 | INFO | ÚLTIMA VERSÃO DO WEBDRIVER COLETADA COM SUCESSO.
2023-10-10 10:29:44 | INFO | BAIXANDO ÚLTIMA VERSÃO DO WEBDRIVER.
2023-10-10 10:42:50 | INFO | ÚLTIMA VERSÃO DO WEBDRIVER COLETADA COM SUCESSO.
2023-10-10 10:42:53 | INFO | BAIXANDO ÚLTIMA VERSÃO DO WEBDRIVER.
2023-10-10 10:46:03 | INFO | ÚLTIMA VERSÃO DO WEBDRIVER COLETADA COM SUCESSO.
2023-10-10 10:46:06 | INFO | BAIXANDO ÚLTIMA VERSÃO DO WEBDRIVER.
2023-10-10 10:56:48 | INFO | ÚLTIMA VERSÃO DO WEBDRIVER COLETADA COM SUCESSO.
2023-10-10 10:56:51 | INFO | BAIXANDO ÚLTIMA VERSÃO DO WEBDRIVER.
2023-10-10 10:58:03 | INFO | ÚLTIMA VERSÃO DO WEBDRIVER COLETADA COM SUCESSO.
2023-10-10 10:58:08 | INFO | BAIXANDO ÚLTIMA VERSÃO DO WEBDRIVER.
2023-10-10 10:58:50 | INFO | ÚLTIMA VERSÃO DO WEBDRIVER COLETADA COM SUCESSO.
2023-10-10 10:58:53 | INFO | BAIXANDO ÚLTIMA VERSÃO DO WEBDRIVER.
2023-10-10 10:59:19 | INFO | ÚLTIMA VERSÃO DO WEBDRIVER COLETADA COM SUCESSO.
2023-10-10 10:59:22 | INFO | BAIXANDO ÚLTIMA VERSÃO DO WEBDRIVER.
2023-10-10 11:01:00 | INFO | ÚLTIMA VERSÃO DO WEBDRIVER COLETADA COM SUCESSO.
2023-10-10 11:01:03 | INFO | BAIXANDO ÚLTIMA VERSÃO DO WEBDRIVER.
2023-10-10 11:01:48 | INFO | ÚLTIMA VERSÃO DO WEBDRIVER COLETADA COM SUCESSO.
2023-10-10 11:01:52 | INFO | BAIXANDO ÚLTIMA VERSÃO DO WEBDRIVER.
2023-10-10 11:22:34 | INFO | ÚLTIMA VERSÃO DO WEBDRIVER COLETADA COM SUCESSO.
2023-10-10 11:22:37 | INFO | BAIXANDO ÚLTIMA VERSÃO DO WEBDRIVER.
2023-10-10 11:24:40 | INFO | ÚLTIMA VERSÃO DO WEBDRIVER COLETADA COM SUCESSO.
2023-10-10 11:24:43 | INFO | BAIXANDO ÚLTIMA VERSÃO DO WEBDRIVER.
2023-10-10 11:28:03 | INFO | ÚLTIMA VERSÃO DO WEBDRIVER COLETADA COM SUCESSO.
2023-10-10 11:28:06 | INFO | BAIXANDO ÚLTIMA VERSÃO DO WEBDRIVER.
2023-10-10 11:29:42 | INFO | ÚLTIMA VERSÃO DO WEBDRIVER COLETADA COM SUCESSO.
2023-10-10 11:29:46 | INFO | BAIXANDO ÚLTIMA VERSÃO DO WEBDRIVER.
2023-10-10 11:32:07 | INFO | ÚLTIMA VERSÃO DO WEBDRIVER COLETADA COM SUCESSO.
2023-10-10 11:32:10 | INFO | BAIXANDO ÚLTIMA VERSÃO DO WEBDRIVER.
2023-10-10 11:35:02 | INFO | ÚLTIMA VERSÃO DO WEBDRIVER COLETADA COM SUCESSO.
2023-10-10 11:35:05 | INFO | BAIXANDO ÚLTIMA VERSÃO DO WEBDRIVER.
2023-10-10 11:39:21 | INFO | ÚLTIMA VERSÃO DO WEBDRIVER COLETADA COM SUCESSO.
2023-10-10 11:39:24 | INFO | BAIXANDO ÚLTIMA VERSÃO DO WEBDRIVER.
2023-10-10 11:41:46 | INFO | ÚLTIMA VERSÃO DO WEBDRIVER COLETADA COM SUCESSO.
2023-10-10 11:41:51 | INFO | BAIXANDO ÚLTIMA VERSÃO DO WEBDRIVER.
2023-10-10 11:46:56 | INFO | ÚLTIMA VERSÃO DO WEBDRIVER COLETADA COM SUCESSO.
2023-10-10 11:47:00 | INFO | BAIXANDO ÚLTIMA VERSÃO DO WEBDRIVER.
2023-10-10 11:58:06 | INFO | ÚLTIMA VERSÃO DO WEBDRIVER COLETADA COM SUCESSO.
2023-10-10 11:58:10 | INFO | BAIXANDO ÚLTIMA VERSÃO DO WEBDRIVER.
2023-10-10 12:10:03 | INFO | ÚLTIMA VERSÃO DO WEBDRIVER COLETADA COM SUCESSO.
2023-10-10 12:10:07 | INFO | BAIXANDO ÚLTIMA VERSÃO DO WEBDRIVER.
2023-10-10 12:11:51 | INFO | ÚLTIMA VERSÃO DO WEBDRIVER COLETADA COM SUCESSO.
2023-10-10 12:11:55 | INFO | BAIXANDO ÚLTIMA VERSÃO DO WEBDRIVER.
2023-10-10 12:16:22 | INFO | ÚLTIMA VERSÃO DO WEBDRIVER COLETADA COM SUCESSO.
2023-10-10 12:16:25 | INFO | BAIXANDO ÚLTIMA VERSÃO DO WEBDRIVER.
2023-10-10 12:17:41 | INFO | ÚLTIMA VERSÃO DO WEBDRIVER COLETADA COM SUCESSO.
2023-10-10 12:17:44 | INFO | BAIXANDO ÚLTIMA VERSÃO DO WEBDRIVER.
2023-10-10 12:18:52 | INFO | DATAFRAME SALVO COMO Produtos_Geral_20231010 EM FORMATO CSV.
2023-10-10 12:19:39 | INFO | ÚLTIMA VERSÃO DO WEBDRIVER COLETADA COM SUCESSO.
2023-10-10 12:19:43 | INFO | BAIXANDO ÚLTIMA VERSÃO DO WEBDRIVER.
2023-10-10 14:08:15 | INFO | ÚLTIMA VERSÃO DO WEBDRIVER COLETADA COM SUCESSO.
2023-10-10 14:08:19 | INFO | BAIXANDO ÚLTIMA VERSÃO DO WEBDRIVER.
2023-10-10 14:26:04 | INFO | ÚLTIMA VERSÃO DO WEBDRIVER COLETADA COM SUCESSO.
2023-10-10 14:26:07 | INFO | BAIXANDO ÚLTIMA VERSÃO DO WEBDRIVER.
2023-10-10 14:28:27 | INFO | ÚLTIMA VERSÃO DO WEBDRIVER COLETADA COM SUCESSO.
2023-10-10 14:28:30 | INFO | BAIXANDO ÚLTIMA VERSÃO DO WEBDRIVER.
2023-10-10 14:29:52 | INFO | ÚLTIMA VERSÃO DO WEBDRIVER COLETADA COM SUCESSO.
2023-10-10 14:29:55 | INFO | BAIXANDO ÚLTIMA VERSÃO DO WEBDRIVER.
2023-10-10 14:34:17 | INFO | ÚLTIMA VERSÃO DO WEBDRIVER COLETADA COM SUCESSO.
2023-10-10 14:34:21 | INFO | BAIXANDO ÚLTIMA VERSÃO DO WEBDRIVER.
2023-10-10 14:44:54 | INFO | ÚLTIMA VERSÃO DO WEBDRIVER COLETADA COM SUCESSO.
2023-10-10 14:44:57 | INFO | BAIXANDO ÚLTIMA VERSÃO DO WEBDRIVER.
2023-10-10 14:46:37 | INFO | ÚLTIMA VERSÃO DO WEBDRIVER COLETADA COM SUCESSO.
2023-10-10 14:46:40 | INFO | BAIXANDO ÚLTIMA VERSÃO DO WEBDRIVER.
2023-10-10 14:47:49 | INFO | ÚLTIMA VERSÃO DO WEBDRIVER COLETADA COM SUCESSO.
2023-10-10 14:47:52 | INFO | BAIXANDO ÚLTIMA VERSÃO DO WEBDRIVER.
2023-10-10 14:58:39 | INFO | ÚLTIMA VERSÃO DO WEBDRIVER COLETADA COM SUCESSO.
2023-10-10 14:58:42 | INFO | BAIXANDO ÚLTIMA VERSÃO DO WEBDRIVER.
2023-10-10 15:00:05 | INFO | ÚLTIMA VERSÃO DO WEBDRIVER COLETADA COM SUCESSO.
2023-10-10 15:00:09 | INFO | BAIXANDO ÚLTIMA VERSÃO DO WEBDRIVER.
2023-10-10 15:00:41 | INFO | ÚLTIMA VERSÃO DO WEBDRIVER COLETADA COM SUCESSO.
2023-10-10 15:00:44 | INFO | BAIXANDO ÚLTIMA VERSÃO DO WEBDRIVER.
2023-10-10 15:01:42 | INFO | ÚLTIMA VERSÃO DO WEBDRIVER COLETADA COM SUCESSO.
2023-10-10 15:01:45 | INFO | BAIXANDO ÚLTIMA VERSÃO DO WEBDRIVER.
2023-10-10 15:03:04 | INFO | DATAFRAME SALVO COMO Produtos_Geral_20231010 EM FORMATO CSV.
2023-10-10 15:03:22 | INFO | INFORMAÇÕES DA URL BAIXADA COM SUCESSO.
2023-10-10 15:13:43 | INFO | ÚLTIMA VERSÃO DO WEBDRIVER COLETADA COM SUCESSO.
2023-10-10 15:13:46 | INFO | BAIXANDO ÚLTIMA VERSÃO DO WEBDRIVER.
2023-10-10 15:16:03 | INFO | ÚLTIMA VERSÃO DO WEBDRIVER COLETADA COM SUCESSO.
2023-10-10 15:16:06 | INFO | BAIXANDO ÚLTIMA VERSÃO DO WEBDRIVER.
2023-10-10 15:16:16 | INFO | INFORMAÇÕES DA URL BAIXADA COM SUCESSO.
2023-10-10 15:31:54 | INFO | ÚLTIMA VERSÃO DO WEBDRIVER COLETADA COM SUCESSO.
2023-10-10 15:31:58 | INFO | BAIXANDO ÚLTIMA VERSÃO DO WEBDRIVER.
2023-10-10 15:32:30 | INFO | INFORMAÇÕES DA URL BAIXADA COM SUCESSO.
2023-10-10 15:37:49 | INFO | ÚLTIMA VERSÃO DO WEBDRIVER COLETADA COM SUCESSO.
2023-10-10 15:37:52 | INFO | BAIXANDO ÚLTIMA VERSÃO DO WEBDRIVER.
2023-10-10 15:37:52 | INFO | INFORMAÇÕES DA URL BAIXADA COM SUCESSO.
2023-10-10 15:41:34 | INFO | ÚLTIMA VERSÃO DO WEBDRIVER COLETADA COM SUCESSO.
2023-10-10 15:41:38 | INFO | BAIXANDO ÚLTIMA VERSÃO DO WEBDRIVER.
2023-10-10 15:41:38 | INFO | INFORMAÇÕES DA URL BAIXADA COM SUCESSO.
2023-10-10 15:46:16 | INFO | ÚLTIMA VERSÃO DO WEBDRIVER COLETADA COM SUCESSO.
2023-10-10 15:46:19 | INFO | BAIXANDO ÚLTIMA VERSÃO DO WEBDRIVER.
2023-10-10 15:46:20 | INFO | INFORMAÇÕES DA URL BAIXADA COM SUCESSO.
2023-10-10 15:49:31 | INFO | ÚLTIMA VERSÃO DO WEBDRIVER COLETADA COM SUCESSO.
2023-10-10 15:49:34 | INFO | BAIXANDO ÚLTIMA VERSÃO DO WEBDRIVER.
2023-10-10 15:49:34 | INFO | INFORMAÇÕES DA URL BAIXADA COM SUCESSO.
2023-10-10 15:53:21 | INFO | ÚLTIMA VERSÃO DO WEBDRIVER COLETADA COM SUCESSO.
2023-10-10 15:53:24 | INFO | BAIXANDO ÚLTIMA VERSÃO DO WEBDRIVER.
2023-10-10 16:00:20 | INFO | ÚLTIMA VERSÃO DO WEBDRIVER COLETADA COM SUCESSO.
2023-10-10 16:00:24 | INFO | BAIXANDO ÚLTIMA VERSÃO DO WEBDRIVER.
2023-10-10 16:00:24 | INFO | INFORMAÇÕES DA URL BAIXADA COM SUCESSO.
2023-10-10 16:08:46 | INFO | ÚLTIMA VERSÃO DO WEBDRIVER COLETADA COM SUCESSO.
2023-10-10 16:08:49 | INFO | BAIXANDO ÚLTIMA VERSÃO DO WEBDRIVER.
2023-10-10 16:09:24 | INFO | INFORMAÇÕES DA URL BAIXADA COM SUCESSO.
2023-10-10 16:14:39 | INFO | ÚLTIMA VERSÃO DO WEBDRIVER COLETADA COM SUCESSO.
2023-10-10 16:14:42 | INFO | BAIXANDO ÚLTIMA VERSÃO DO WEBDRIVER.
2023-10-10 16:14:46 | INFO | INFORMAÇÕES DA URL BAIXADA COM SUCESSO.
2023-10-10 16:18:06 | INFO | ÚLTIMA VERSÃO DO WEBDRIVER COLETADA COM SUCESSO.
2023-10-10 16:18:09 | INFO | BAIXANDO ÚLTIMA VERSÃO DO WEBDRIVER.
2023-10-10 16:18:13 | INFO | INFORMAÇÕES DA URL BAIXADA COM SUCESSO.
2023-10-10 16:25:41 | INFO | ÚLTIMA VERSÃO DO WEBDRIVER COLETADA COM SUCESSO.
2023-10-10 16:25:44 | INFO | BAIXANDO ÚLTIMA VERSÃO DO WEBDRIVER.
2023-10-10 16:26:50 | INFO | INFORMAÇÕES DA URL BAIXADA COM SUCESSO.
2023-10-10 16:28:45 | INFO | ÚLTIMA VERSÃO DO WEBDRIVER COLETADA COM SUCESSO.
2023-10-10 16:28:48 | INFO | BAIXANDO ÚLTIMA VERSÃO DO WEBDRIVER.
2023-10-10 16:28:56 | INFO | INFORMAÇÕES DA URL BAIXADA COM SUCESSO.
2023-10-10 16:33:32 | INFO | ÚLTIMA VERSÃO DO WEBDRIVER COLETADA COM SUCESSO.
2023-10-10 16:33:35 | INFO | BAIXANDO ÚLTIMA VERSÃO DO WEBDRIVER.
2023-10-10 16:33:36 | INFO | INFORMAÇÕES DA URL BAIXADA COM SUCESSO.
2023-10-10 16:37:03 | INFO | ÚLTIMA VERSÃO DO WEBDRIVER COLETADA COM SUCESSO.
2023-10-10 16:37:06 | INFO | BAIXANDO ÚLTIMA VERSÃO DO WEBDRIVER.
2023-10-10 16:37:06 | INFO | INFORMAÇÕES DA URL BAIXADA COM SUCESSO.
2023-10-10 16:42:07 | INFO | ÚLTIMA VERSÃO DO WEBDRIVER COLETADA COM SUCESSO.
2023-10-10 16:42:10 | INFO | BAIXANDO ÚLTIMA VERSÃO DO WEBDRIVER.
2023-10-10 16:42:11 | INFO | INFORMAÇÕES DA URL BAIXADA COM SUCESSO.
2023-10-10 16:44:45 | INFO | ÚLTIMA VERSÃO DO WEBDRIVER COLETADA COM SUCESSO.
2023-10-10 16:44:48 | INFO | BAIXANDO ÚLTIMA VERSÃO DO WEBDRIVER.
2023-10-10 16:44:48 | INFO | INFORMAÇÕES DA URL BAIXADA COM SUCESSO.
2023-10-10 16:47:41 | INFO | ÚLTIMA VERSÃO DO WEBDRIVER COLETADA COM SUCESSO.
2023-10-10 16:47:45 | INFO | BAIXANDO ÚLTIMA VERSÃO DO WEBDRIVER.
2023-10-10 16:47:45 | INFO | INFORMAÇÕES DA URL BAIXADA COM SUCESSO.
2023-10-10 16:51:14 | INFO | ÚLTIMA VERSÃO DO WEBDRIVER COLETADA COM SUCESSO.
2023-10-10 16:51:17 | INFO | BAIXANDO ÚLTIMA VERSÃO DO WEBDRIVER.
2023-10-10 16:51:37 | INFO | INFORMAÇÕES DA URL BAIXADA COM SUCESSO.
2023-10-10 16:55:40 | INFO | ÚLTIMA VERSÃO DO WEBDRIVER COLETADA COM SUCESSO.
2023-10-10 16:55:43 | INFO | BAIXANDO ÚLTIMA VERSÃO DO WEBDRIVER.
2023-10-10 16:56:50 | INFO | ÚLTIMA VERSÃO DO WEBDRIVER COLETADA COM SUCESSO.
2023-10-10 16:56:53 | INFO | BAIXANDO ÚLTIMA VERSÃO DO WEBDRIVER.
2023-10-10 16:57:32 | INFO | ÚLTIMA VERSÃO DO WEBDRIVER COLETADA COM SUCESSO.
2023-10-10 16:57:35 | INFO | BAIXANDO ÚLTIMA VERSÃO DO WEBDRIVER.
2023-10-10 16:57:39 | INFO | INFORMAÇÕES DA URL BAIXADA COM SUCESSO.
2023-10-10 16:58:25 | INFO | ÚLTIMA VERSÃO DO WEBDRIVER COLETADA COM SUCESSO.
2023-10-10 16:58:29 | INFO | BAIXANDO ÚLTIMA VERSÃO DO WEBDRIVER.
2023-10-10 16:58:39 | INFO | INFORMAÇÕES DA URL BAIXADA COM SUCESSO.
2023-10-10 17:05:53 | INFO | ÚLTIMA VERSÃO DO WEBDRIVER COLETADA COM SUCESSO.
2023-10-10 17:05:56 | INFO | BAIXANDO ÚLTIMA VERSÃO DO WEBDRIVER.
2023-10-10 17:06:11 | INFO | INFORMAÇÕES DA URL BAIXADA COM SUCESSO.
2023-10-10 20:24:54 | INFO | ÚLTIMA VERSÃO DO WEBDRIVER COLETADA COM SUCESSO.
2023-10-10 20:24:57 | INFO | BAIXANDO ÚLTIMA VERSÃO DO WEBDRIVER.
2023-10-10 20:27:14 | INFO | ÚLTIMA VERSÃO DO WEBDRIVER COLETADA COM SUCESSO.
2023-10-10 20:27:18 | INFO | BAIXANDO ÚLTIMA VERSÃO DO WEBDRIVER.
2023-10-10 20:28:09 | INFO | ÚLTIMA VERSÃO DO WEBDRIVER COLETADA COM SUCESSO.
2023-10-10 20:28:13 | INFO | BAIXANDO ÚLTIMA VERSÃO DO WEBDRIVER.
2023-10-10 20:30:16 | INFO | ÚLTIMA VERSÃO DO WEBDRIVER COLETADA COM SUCESSO.
2023-10-10 20:30:19 | INFO | BAIXANDO ÚLTIMA VERSÃO DO WEBDRIVER.
2023-10-10 20:32:58 | INFO | OCORREU UM ERRO AO TENTAR SUBIR OBJETO AO BUCKET: cannot access local variable 'e' where it is not associated with a value
2023-10-10 20:35:22 | INFO | ÚLTIMA VERSÃO DO WEBDRIVER COLETADA COM SUCESSO.
2023-10-10 20:35:26 | INFO | BAIXANDO ÚLTIMA VERSÃO DO WEBDRIVER.
2023-10-10 20:35:39 | INFO | OCORREU UM ERRO AO TENTAR SUBIR OBJETO AO BUCKET: cannot access local variable 'e' where it is not associated with a value
2023-10-10 20:35:41 | INFO | INFORMAÇÕES DA URL BAIXADA COM SUCESSO.
2023-10-10 20:39:17 | INFO | ÚLTIMA VERSÃO DO WEBDRIVER COLETADA COM SUCESSO.
2023-10-10 20:39:20 | INFO | BAIXANDO ÚLTIMA VERSÃO DO WEBDRIVER.
2023-10-10 20:40:40 | INFO | OCORREU UM ERRO AO TENTAR SUBIR OBJETO AO BUCKET: cannot access local variable 'e' where it is not associated with a value
2023-10-10 20:41:03 | INFO | INFORMAÇÕES DA URL BAIXADA COM SUCESSO.
2023-10-10 20:43:49 | INFO | OCORREU UM ERRO AO TENTAR SUBIR OBJETO AO BUCKET: cannot access local variable 'e' where it is not associated with a value
2023-10-10 20:47:36 | INFO | OCORREU UM ERRO AO TENTAR SUBIR OBJETO AO BUCKET: cannot access local variable 'e' where it is not associated with a value
2023-10-10 20:49:20 | INFO | OCORREU UM ERRO AO TENTAR SUBIR OBJETO AO BUCKET: cannot access local variable 'e' where it is not associated with a value
2023-10-10 20:50:25 | INFO | OCORREU UM ERRO AO TENTAR SUBIR OBJETO AO BUCKET: cannot access local variable 'e' where it is not associated with a value
2023-10-10 20:50:45 | INFO | OCORREU UM ERRO AO TENTAR SUBIR OBJETO AO BUCKET: cannot access local variable 'e' where it is not associated with a value
2023-10-10 20:51:05 | INFO | OCORREU UM ERRO AO TENTAR SUBIR OBJETO AO BUCKET: cannot access local variable 'e' where it is not associated with a value
2023-10-10 20:51:35 | INFO | OCORREU UM ERRO AO TENTAR SUBIR OBJETO AO BUCKET: cannot access local variable 'e' where it is not associated with a value
2023-10-10 20:51:52 | INFO | OCORREU UM ERRO AO TENTAR SUBIR OBJETO AO BUCKET: cannot access local variable 'e' where it is not associated with a value
2023-10-10 20:52:08 | INFO | OCORREU UM ERRO AO TENTAR SUBIR OBJETO AO BUCKET: cannot access local variable 'e' where it is not associated with a value
2023-10-10 20:52:25 | INFO | OCORREU UM ERRO AO TENTAR SUBIR OBJETO AO BUCKET: cannot access local variable 'e' where it is not associated with a value
2023-10-10 20:52:44 | INFO | OCORREU UM ERRO AO TENTAR SUBIR OBJETO AO BUCKET: cannot access local variable 'e' where it is not associated with a value
2023-10-10 20:53:03 | INFO | OCORREU UM ERRO AO TENTAR SUBIR OBJETO AO BUCKET: cannot access local variable 'e' where it is not associated with a value
2023-10-10 20:53:21 | INFO | OCORREU UM ERRO AO TENTAR SUBIR OBJETO AO BUCKET: cannot access local variable 'e' where it is not associated with a value
2023-10-10 20:53:39 | INFO | OCORREU UM ERRO AO TENTAR SUBIR OBJETO AO BUCKET: cannot access local variable 'e' where it is not associated with a value
2023-10-10 20:53:59 | INFO | OCORREU UM ERRO AO TENTAR SUBIR OBJETO AO BUCKET: cannot access local variable 'e' where it is not associated with a value
2023-10-10 20:54:17 | INFO | OCORREU UM ERRO AO TENTAR SUBIR OBJETO AO BUCKET: cannot access local variable 'e' where it is not associated with a value
2023-10-10 20:54:36 | INFO | OCORREU UM ERRO AO TENTAR SUBIR OBJETO AO BUCKET: cannot access local variable 'e' where it is not associated with a value
2023-10-10 20:54:55 | INFO | OCORREU UM ERRO AO TENTAR SUBIR OBJETO AO BUCKET: cannot access local variable 'e' where it is not associated with a value
2023-10-10 20:55:17 | INFO | OCORREU UM ERRO AO TENTAR SUBIR OBJETO AO BUCKET: cannot access local variable 'e' where it is not associated with a value
2023-10-10 20:55:39 | INFO | OCORREU UM ERRO AO TENTAR SUBIR OBJETO AO BUCKET: cannot access local variable 'e' where it is not associated with a value
2023-10-10 20:55:54 | INFO | OCORREU UM ERRO AO TENTAR SUBIR OBJETO AO BUCKET: cannot access local variable 'e' where it is not associated with a value
2023-10-10 20:56:10 | INFO | OCORREU UM ERRO AO TENTAR SUBIR OBJETO AO BUCKET: cannot access local variable 'e' where it is not associated with a value
2023-10-10 20:59:34 | INFO | ÚLTIMA VERSÃO DO WEBDRIVER COLETADA COM SUCESSO.
2023-10-10 20:59:38 | INFO | BAIXANDO ÚLTIMA VERSÃO DO WEBDRIVER.
2023-10-10 21:00:15 | INFO | OCORREU UM ERRO AO TENTAR SUBIR OBJETO AO BUCKET: cannot access local variable 'e' where it is not associated with a value
2023-10-10 21:00:15 | INFO | INFORMAÇÕES DA URL BAIXADA COM SUCESSO.
2023-10-10 21:01:14 | INFO | ÚLTIMA VERSÃO DO WEBDRIVER COLETADA COM SUCESSO.
2023-10-10 21:01:17 | INFO | BAIXANDO ÚLTIMA VERSÃO DO WEBDRIVER.
2023-10-10 21:01:20 | INFO | OCORREU UM ERRO AO TENTAR SUBIR OBJETO AO BUCKET: cannot access local variable 'e' where it is not associated with a value
2023-10-10 21:01:20 | INFO | INFORMAÇÕES DA URL BAIXADA COM SUCESSO.
2023-10-10 21:01:40 | INFO | CRIANDO DOCUMENTO.
2023-10-10 21:01:41 | INFO | DATAFRAME SALVO COMO Produtos_Ofertas_20231010 EM FORMATO CSV.
2023-10-10 21:01:49 | INFO | DOCUMENTO CRIADO COM SUCESSO!
2023-10-10 21:02:12 | INFO | OCORREU UM ERRO AO TENTAR SUBIR OBJETO AO BUCKET: cannot access local variable 'e' where it is not associated with a value
