2023-10-05 10:12:45 | WARNING | Matplotlib is building the font cache; this may take a moment.
2023-10-05 10:12:52 | INFO | generated new fontManager
2023-10-05 10:13:29 | INFO | ÚLTIMA VERSÃO DO WEBDRIVER COLETADA COM SUCESSO.
2023-10-05 10:13:32 | INFO | BAIXANDO ÚLTIMA VERSÃO DO WEBDRIVER.
2023-10-05 10:15:41 | INFO | DATAFRAME SALVO COMO Produtos_Geral_20231005 EM FORMATO CSV.
2023-10-05 10:16:23 | INFO | DATAFRAME SALVO COMO Produtos_Ofertas_20231005 EM FORMATO CSV.
2023-10-05 10:18:06 | INFO | ÚLTIMA VERSÃO DO WEBDRIVER COLETADA COM SUCESSO.
2023-10-05 10:18:09 | INFO | BAIXANDO ÚLTIMA VERSÃO DO WEBDRIVER.
2023-10-05 10:27:31 | INFO | DATAFRAME SALVO COMO Produtos_Geral_20231005 EM FORMATO CSV.
2023-10-05 10:29:05 | INFO | ÚLTIMA VERSÃO DO WEBDRIVER COLETADA COM SUCESSO.
2023-10-05 10:29:08 | INFO | BAIXANDO ÚLTIMA VERSÃO DO WEBDRIVER.
2023-10-05 10:31:56 | INFO | ÚLTIMA VERSÃO DO WEBDRIVER COLETADA COM SUCESSO.
2023-10-05 10:31:59 | INFO | BAIXANDO ÚLTIMA VERSÃO DO WEBDRIVER.
2023-10-05 10:35:04 | INFO | ÚLTIMA VERSÃO DO WEBDRIVER COLETADA COM SUCESSO.
2023-10-05 10:35:07 | INFO | BAIXANDO ÚLTIMA VERSÃO DO WEBDRIVER.
2023-10-05 10:36:25 | INFO | ÚLTIMA VERSÃO DO WEBDRIVER COLETADA COM SUCESSO.
2023-10-05 10:36:28 | INFO | BAIXANDO ÚLTIMA VERSÃO DO WEBDRIVER.
2023-10-05 10:49:20 | INFO | ÚLTIMA VERSÃO DO WEBDRIVER COLETADA COM SUCESSO.
2023-10-05 10:49:24 | INFO | BAIXANDO ÚLTIMA VERSÃO DO WEBDRIVER.
2023-10-05 11:32:33 | INFO | ÚLTIMA VERSÃO DO WEBDRIVER COLETADA COM SUCESSO.
2023-10-05 11:32:36 | INFO | BAIXANDO ÚLTIMA VERSÃO DO WEBDRIVER.
2023-10-05 11:33:32 | INFO | ÚLTIMA VERSÃO DO WEBDRIVER COLETADA COM SUCESSO.
2023-10-05 11:33:35 | INFO | BAIXANDO ÚLTIMA VERSÃO DO WEBDRIVER.
2023-10-05 11:46:26 | INFO | ÚLTIMA VERSÃO DO WEBDRIVER COLETADA COM SUCESSO.
2023-10-05 11:46:29 | INFO | BAIXANDO ÚLTIMA VERSÃO DO WEBDRIVER.
2023-10-05 12:02:17 | INFO | ÚLTIMA VERSÃO DO WEBDRIVER COLETADA COM SUCESSO.
2023-10-05 12:02:20 | INFO | BAIXANDO ÚLTIMA VERSÃO DO WEBDRIVER.
2023-10-05 12:15:30 | INFO | ÚLTIMA VERSÃO DO WEBDRIVER COLETADA COM SUCESSO.
2023-10-05 12:15:33 | INFO | BAIXANDO ÚLTIMA VERSÃO DO WEBDRIVER.
2023-10-05 12:23:48 | INFO | ÚLTIMA VERSÃO DO WEBDRIVER COLETADA COM SUCESSO.
2023-10-05 12:23:52 | INFO | BAIXANDO ÚLTIMA VERSÃO DO WEBDRIVER.
2023-10-05 14:23:01 | INFO | ÚLTIMA VERSÃO DO WEBDRIVER COLETADA COM SUCESSO.
2023-10-05 14:23:04 | INFO | BAIXANDO ÚLTIMA VERSÃO DO WEBDRIVER.
2023-10-05 14:26:12 | INFO | ÚLTIMA VERSÃO DO WEBDRIVER COLETADA COM SUCESSO.
2023-10-05 14:26:16 | INFO | BAIXANDO ÚLTIMA VERSÃO DO WEBDRIVER.
2023-10-05 14:32:36 | INFO | ÚLTIMA VERSÃO DO WEBDRIVER COLETADA COM SUCESSO.
2023-10-05 14:32:39 | INFO | BAIXANDO ÚLTIMA VERSÃO DO WEBDRIVER.
2023-10-05 14:47:14 | INFO | ÚLTIMA VERSÃO DO WEBDRIVER COLETADA COM SUCESSO.
2023-10-05 14:47:17 | INFO | BAIXANDO ÚLTIMA VERSÃO DO WEBDRIVER.
2023-10-05 14:51:58 | INFO | ÚLTIMA VERSÃO DO WEBDRIVER COLETADA COM SUCESSO.
2023-10-05 14:52:01 | INFO | BAIXANDO ÚLTIMA VERSÃO DO WEBDRIVER.
2023-10-05 14:53:05 | INFO | ÚLTIMA VERSÃO DO WEBDRIVER COLETADA COM SUCESSO.
2023-10-05 14:53:09 | INFO | BAIXANDO ÚLTIMA VERSÃO DO WEBDRIVER.
2023-10-05 15:07:36 | INFO | ÚLTIMA VERSÃO DO WEBDRIVER COLETADA COM SUCESSO.
2023-10-05 15:07:39 | INFO | BAIXANDO ÚLTIMA VERSÃO DO WEBDRIVER.
2023-10-05 15:08:49 | INFO | ÚLTIMA VERSÃO DO WEBDRIVER COLETADA COM SUCESSO.
2023-10-05 15:08:52 | INFO | BAIXANDO ÚLTIMA VERSÃO DO WEBDRIVER.
2023-10-05 15:13:24 | INFO | ÚLTIMA VERSÃO DO WEBDRIVER COLETADA COM SUCESSO.
2023-10-05 15:13:27 | INFO | BAIXANDO ÚLTIMA VERSÃO DO WEBDRIVER.
2023-10-05 15:22:24 | INFO | ÚLTIMA VERSÃO DO WEBDRIVER COLETADA COM SUCESSO.
2023-10-05 15:22:27 | INFO | BAIXANDO ÚLTIMA VERSÃO DO WEBDRIVER.
2023-10-05 15:23:13 | INFO | ÚLTIMA VERSÃO DO WEBDRIVER COLETADA COM SUCESSO.
2023-10-05 15:23:16 | INFO | BAIXANDO ÚLTIMA VERSÃO DO WEBDRIVER.
2023-10-05 15:26:07 | INFO | ÚLTIMA VERSÃO DO WEBDRIVER COLETADA COM SUCESSO.
2023-10-05 15:26:10 | INFO | BAIXANDO ÚLTIMA VERSÃO DO WEBDRIVER.
2023-10-05 15:28:16 | INFO | ÚLTIMA VERSÃO DO WEBDRIVER COLETADA COM SUCESSO.
2023-10-05 15:28:19 | INFO | BAIXANDO ÚLTIMA VERSÃO DO WEBDRIVER.
2023-10-05 15:30:16 | INFO | ÚLTIMA VERSÃO DO WEBDRIVER COLETADA COM SUCESSO.
2023-10-05 15:30:19 | INFO | BAIXANDO ÚLTIMA VERSÃO DO WEBDRIVER.
2023-10-05 15:40:08 | INFO | ÚLTIMA VERSÃO DO WEBDRIVER COLETADA COM SUCESSO.
2023-10-05 15:40:11 | INFO | BAIXANDO ÚLTIMA VERSÃO DO WEBDRIVER.
2023-10-05 15:51:52 | INFO | ÚLTIMA VERSÃO DO WEBDRIVER COLETADA COM SUCESSO.
2023-10-05 15:51:56 | INFO | BAIXANDO ÚLTIMA VERSÃO DO WEBDRIVER.
2023-10-05 15:59:28 | INFO | ÚLTIMA VERSÃO DO WEBDRIVER COLETADA COM SUCESSO.
2023-10-05 15:59:31 | INFO | BAIXANDO ÚLTIMA VERSÃO DO WEBDRIVER.
2023-10-05 16:03:41 | INFO | ÚLTIMA VERSÃO DO WEBDRIVER COLETADA COM SUCESSO.
2023-10-05 16:03:44 | INFO | BAIXANDO ÚLTIMA VERSÃO DO WEBDRIVER.
2023-10-05 16:06:06 | INFO | ÚLTIMA VERSÃO DO WEBDRIVER COLETADA COM SUCESSO.
2023-10-05 16:06:09 | INFO | BAIXANDO ÚLTIMA VERSÃO DO WEBDRIVER.
2023-10-05 16:09:42 | INFO | ÚLTIMA VERSÃO DO WEBDRIVER COLETADA COM SUCESSO.
2023-10-05 16:09:45 | INFO | BAIXANDO ÚLTIMA VERSÃO DO WEBDRIVER.
2023-10-05 16:11:57 | INFO | ÚLTIMA VERSÃO DO WEBDRIVER COLETADA COM SUCESSO.
2023-10-05 16:12:00 | INFO | BAIXANDO ÚLTIMA VERSÃO DO WEBDRIVER.
2023-10-05 16:14:52 | INFO | ÚLTIMA VERSÃO DO WEBDRIVER COLETADA COM SUCESSO.
2023-10-05 16:14:55 | INFO | BAIXANDO ÚLTIMA VERSÃO DO WEBDRIVER.
2023-10-05 16:34:45 | INFO | ÚLTIMA VERSÃO DO WEBDRIVER COLETADA COM SUCESSO.
2023-10-05 16:34:48 | INFO | BAIXANDO ÚLTIMA VERSÃO DO WEBDRIVER.
2023-10-05 16:34:59 | INFO | INFORMAÇÕES DA URL BAIXADA COM SUCESSO.
2023-10-05 16:39:27 | INFO | ÚLTIMA VERSÃO DO WEBDRIVER COLETADA COM SUCESSO.
2023-10-05 16:39:30 | INFO | BAIXANDO ÚLTIMA VERSÃO DO WEBDRIVER.
2023-10-05 16:39:31 | INFO | INFORMAÇÕES DA URL BAIXADA COM SUCESSO.
2023-10-05 16:42:19 | INFO | ÚLTIMA VERSÃO DO WEBDRIVER COLETADA COM SUCESSO.
2023-10-05 16:42:22 | INFO | BAIXANDO ÚLTIMA VERSÃO DO WEBDRIVER.
2023-10-05 16:42:23 | INFO | INFORMAÇÕES DA URL BAIXADA COM SUCESSO.
2023-10-05 17:08:58 | INFO | ÚLTIMA VERSÃO DO WEBDRIVER COLETADA COM SUCESSO.
2023-10-05 17:09:01 | INFO | BAIXANDO ÚLTIMA VERSÃO DO WEBDRIVER.
2023-10-05 17:19:28 | INFO | ÚLTIMA VERSÃO DO WEBDRIVER COLETADA COM SUCESSO.
2023-10-05 17:19:31 | INFO | BAIXANDO ÚLTIMA VERSÃO DO WEBDRIVER.
2023-10-05 17:47:09 | INFO | ÚLTIMA VERSÃO DO WEBDRIVER COLETADA COM SUCESSO.
2023-10-05 17:47:12 | INFO | BAIXANDO ÚLTIMA VERSÃO DO WEBDRIVER.
2023-10-05 17:51:05 | INFO | ÚLTIMA VERSÃO DO WEBDRIVER COLETADA COM SUCESSO.
2023-10-05 17:51:08 | INFO | BAIXANDO ÚLTIMA VERSÃO DO WEBDRIVER.
2023-10-05 18:02:25 | INFO | ÚLTIMA VERSÃO DO WEBDRIVER COLETADA COM SUCESSO.
2023-10-05 18:02:28 | INFO | BAIXANDO ÚLTIMA VERSÃO DO WEBDRIVER.
